[07-Nov-2019 15:46:34 UTC] PHP Notice:  Undefined index: player1 in C:\MAMP\htdocs\objective_pre\battleStart.php on line 307
[07-Nov-2019 15:46:34 UTC] PHP Notice:  Undefined index: player1 in C:\MAMP\htdocs\objective_pre\battleStart.php on line 308
[07-Nov-2019 15:46:34 UTC] PHP Fatal error:  Uncaught Error: Call to a member function getHp() on null in C:\MAMP\htdocs\objective_pre\battleStart.php:308
Stack trace:
#0 {main}
  thrown in C:\MAMP\htdocs\objective_pre\battleStart.php on line 308
[07-Nov-2019 15:49:49 UTC] PHP Notice:  Undefined index: player1 in C:\MAMP\htdocs\objective_pre\battleStart.php on line 304
[07-Nov-2019 15:49:49 UTC] PHP Notice:  Undefined index: player1 in C:\MAMP\htdocs\objective_pre\battleStart.php on line 305
[07-Nov-2019 15:49:49 UTC] PHP Notice:  Undefined index: player1 in C:\MAMP\htdocs\objective_pre\battleStart.php on line 306
[07-Nov-2019 15:49:49 UTC] PHP Notice:  Undefined index: player2 in C:\MAMP\htdocs\objective_pre\battleStart.php on line 309
[07-Nov-2019 15:49:49 UTC] PHP Notice:  Undefined index: player2 in C:\MAMP\htdocs\objective_pre\battleStart.php on line 310
[07-Nov-2019 15:49:49 UTC] PHP Notice:  Undefined index: player2 in C:\MAMP\htdocs\objective_pre\battleStart.php on line 311
[07-Nov-2019 15:49:49 UTC] PHP Notice:  Undefined index: player3 in C:\MAMP\htdocs\objective_pre\battleStart.php on line 314
[07-Nov-2019 15:49:49 UTC] PHP Notice:  Undefined index: player3 in C:\MAMP\htdocs\objective_pre\battleStart.php on line 315
[07-Nov-2019 15:49:49 UTC] PHP Notice:  Undefined index: player3 in C:\MAMP\htdocs\objective_pre\battleStart.php on line 316
[07-Nov-2019 15:49:49 UTC] PHP Notice:  Undefined index: player4 in C:\MAMP\htdocs\objective_pre\battleStart.php on line 319
[07-Nov-2019 15:49:49 UTC] PHP Notice:  Undefined index: player4 in C:\MAMP\htdocs\objective_pre\battleStart.php on line 320
[07-Nov-2019 15:49:49 UTC] PHP Notice:  Undefined index: player4 in C:\MAMP\htdocs\objective_pre\battleStart.php on line 321
[07-Nov-2019 15:49:49 UTC] PHP Notice:  Undefined index: monster in C:\MAMP\htdocs\objective_pre\battleStart.php on line 329
[07-Nov-2019 15:49:49 UTC] PHP Fatal error:  Uncaught Error: Call to a member function getImg() on null in C:\MAMP\htdocs\objective_pre\battleStart.php:329
Stack trace:
#0 {main}
  thrown in C:\MAMP\htdocs\objective_pre\battleStart.php on line 329
[07-Nov-2019 15:52:10 UTC] PHP Notice:  Undefined index: player1 in C:\MAMP\htdocs\objective_pre\battleStart.php on line 304
[07-Nov-2019 15:52:10 UTC] PHP Notice:  Undefined index: player1 in C:\MAMP\htdocs\objective_pre\battleStart.php on line 305
[07-Nov-2019 15:52:10 UTC] PHP Notice:  Undefined index: player1 in C:\MAMP\htdocs\objective_pre\battleStart.php on line 306
[07-Nov-2019 15:52:10 UTC] PHP Notice:  Undefined index: player2 in C:\MAMP\htdocs\objective_pre\battleStart.php on line 309
[07-Nov-2019 15:52:10 UTC] PHP Notice:  Undefined index: player2 in C:\MAMP\htdocs\objective_pre\battleStart.php on line 310
[07-Nov-2019 15:52:10 UTC] PHP Notice:  Undefined index: player2 in C:\MAMP\htdocs\objective_pre\battleStart.php on line 311
[07-Nov-2019 15:52:10 UTC] PHP Notice:  Undefined index: player3 in C:\MAMP\htdocs\objective_pre\battleStart.php on line 314
[07-Nov-2019 15:52:10 UTC] PHP Notice:  Undefined index: player3 in C:\MAMP\htdocs\objective_pre\battleStart.php on line 315
[07-Nov-2019 15:52:10 UTC] PHP Notice:  Undefined index: player3 in C:\MAMP\htdocs\objective_pre\battleStart.php on line 316
[07-Nov-2019 15:52:10 UTC] PHP Notice:  Undefined index: player4 in C:\MAMP\htdocs\objective_pre\battleStart.php on line 319
[07-Nov-2019 15:52:10 UTC] PHP Notice:  Undefined index: player4 in C:\MAMP\htdocs\objective_pre\battleStart.php on line 320
[07-Nov-2019 15:52:10 UTC] PHP Notice:  Undefined index: player4 in C:\MAMP\htdocs\objective_pre\battleStart.php on line 321
[07-Nov-2019 15:52:10 UTC] PHP Notice:  Undefined index: monster in C:\MAMP\htdocs\objective_pre\battleStart.php on line 329
[07-Nov-2019 15:52:10 UTC] PHP Fatal error:  Uncaught Error: Call to a member function getImg() on null in C:\MAMP\htdocs\objective_pre\battleStart.php:329
Stack trace:
#0 {main}
  thrown in C:\MAMP\htdocs\objective_pre\battleStart.php on line 329
[18-Nov-2019 06:20:34 UTC] POSTされた！
[18-Nov-2019 06:20:34 UTC] PHP Notice:  Undefined variable: monseter in C:\MAMP\htdocs\objective_pre\index.php on line 145
[18-Nov-2019 06:20:34 UTC] PHP Fatal error:  Uncaught Error: Call to a member function getName() on null in C:\MAMP\htdocs\objective_pre\index.php:145
Stack trace:
#0 C:\MAMP\htdocs\objective_pre\index.php(157): createMonster()
#1 C:\MAMP\htdocs\objective_pre\index.php(171): init()
#2 {main}
  thrown in C:\MAMP\htdocs\objective_pre\index.php on line 145
[18-Nov-2019 06:20:36 UTC] PHP Notice:  Undefined index: monster in C:\MAMP\htdocs\objective_pre\index.php on line 274
[18-Nov-2019 06:20:36 UTC] PHP Fatal error:  Uncaught Error: Call to a member function getName() on null in C:\MAMP\htdocs\objective_pre\index.php:274
Stack trace:
#0 {main}
  thrown in C:\MAMP\htdocs\objective_pre\index.php on line 274
[18-Nov-2019 06:21:17 UTC] PHP Notice:  Undefined index: monster in C:\MAMP\htdocs\objective_pre\index.php on line 274
[18-Nov-2019 06:21:17 UTC] PHP Fatal error:  Uncaught Error: Call to a member function getName() on null in C:\MAMP\htdocs\objective_pre\index.php:274
Stack trace:
#0 {main}
  thrown in C:\MAMP\htdocs\objective_pre\index.php on line 274
[18-Nov-2019 06:21:23 UTC] PHP Notice:  Undefined index: monster in C:\MAMP\htdocs\objective_pre\index.php on line 274
[18-Nov-2019 06:21:23 UTC] PHP Fatal error:  Uncaught Error: Call to a member function getName() on null in C:\MAMP\htdocs\objective_pre\index.php:274
Stack trace:
#0 {main}
  thrown in C:\MAMP\htdocs\objective_pre\index.php on line 274
[18-Nov-2019 06:21:25 UTC] PHP Notice:  Undefined index: monster in C:\MAMP\htdocs\objective_pre\index.php on line 274
[18-Nov-2019 06:21:25 UTC] PHP Fatal error:  Uncaught Error: Call to a member function getName() on null in C:\MAMP\htdocs\objective_pre\index.php:274
Stack trace:
#0 {main}
  thrown in C:\MAMP\htdocs\objective_pre\index.php on line 274
[18-Nov-2019 06:22:13 UTC] PHP Notice:  Undefined index: monster in C:\MAMP\htdocs\objective_pre\index.php on line 274
[18-Nov-2019 06:22:13 UTC] PHP Fatal error:  Uncaught Error: Call to a member function getName() on null in C:\MAMP\htdocs\objective_pre\index.php:274
Stack trace:
#0 {main}
  thrown in C:\MAMP\htdocs\objective_pre\index.php on line 274
[18-Nov-2019 06:23:15 UTC] PHP Notice:  Undefined index: monster in C:\MAMP\htdocs\objective_pre\index.php on line 274
[18-Nov-2019 06:23:16 UTC] PHP Fatal error:  Uncaught Error: Call to a member function getName() on null in C:\MAMP\htdocs\objective_pre\index.php:274
Stack trace:
#0 {main}
  thrown in C:\MAMP\htdocs\objective_pre\index.php on line 274
[18-Nov-2019 06:27:30 UTC] POSTされた！
[18-Nov-2019 06:27:38 UTC] POSTされた！
[18-Nov-2019 06:27:42 UTC] POSTされた！
[18-Nov-2019 06:27:47 UTC] POSTされた！
[18-Nov-2019 06:29:06 UTC] POSTされた！
[18-Nov-2019 06:29:06 UTC] PHP Fatal error:  Uncaught Error: Cannot use object of type Human as array in C:\MAMP\htdocs\objective_pre\battleStart.php:304
Stack trace:
#0 {main}
  thrown in C:\MAMP\htdocs\objective_pre\battleStart.php on line 304
[18-Nov-2019 06:42:08 UTC] POSTされた！
[18-Nov-2019 06:42:08 UTC] PHP Fatal error:  Uncaught Error: Cannot use object of type Human as array in C:\MAMP\htdocs\objective_pre\battleStart.php:304
Stack trace:
#0 {main}
  thrown in C:\MAMP\htdocs\objective_pre\battleStart.php on line 304
[18-Nov-2019 06:42:12 UTC] PHP Fatal error:  Uncaught Error: Cannot use object of type Human as array in C:\MAMP\htdocs\objective_pre\battleStart.php:304
Stack trace:
#0 {main}
  thrown in C:\MAMP\htdocs\objective_pre\battleStart.php on line 304
[18-Nov-2019 06:42:19 UTC] PHP Fatal error:  Uncaught Error: Cannot use object of type Human as array in C:\MAMP\htdocs\objective_pre\battleStart.php:304
Stack trace:
#0 {main}
  thrown in C:\MAMP\htdocs\objective_pre\battleStart.php on line 304
[18-Nov-2019 06:55:34 UTC] PHP Fatal error:  Uncaught Error: Cannot use object of type Human as array in C:\MAMP\htdocs\objective_pre\battleStart.php:305
Stack trace:
#0 {main}
  thrown in C:\MAMP\htdocs\objective_pre\battleStart.php on line 305
[18-Nov-2019 06:56:56 UTC] PHP Fatal error:  Uncaught Error: Cannot access protected property Human::$name in C:\MAMP\htdocs\objective_pre\battleStart.php:309
Stack trace:
#0 {main}
  thrown in C:\MAMP\htdocs\objective_pre\battleStart.php on line 309
[18-Nov-2019 06:58:13 UTC] POSTされた！
[18-Nov-2019 07:04:08 UTC] POSTされた！
[18-Nov-2019 07:05:15 UTC] POSTされた！
[18-Nov-2019 07:05:22 UTC] POSTされた！
[18-Nov-2019 07:06:21 UTC] POSTされた！
[18-Nov-2019 07:06:25 UTC] POSTされた！
[18-Nov-2019 07:37:09 UTC] POSTされた！
[18-Nov-2019 07:37:11 UTC] POSTされた！
[18-Nov-2019 07:37:14 UTC] POSTされた！
[18-Nov-2019 07:37:17 UTC] POSTされた！
[18-Nov-2019 07:37:19 UTC] POSTされた！
[26-Nov-2019 07:45:30 UTC] POSTされた！
[26-Nov-2019 07:45:36 UTC] POSTされた！
[26-Nov-2019 07:45:39 UTC] POSTされた！
[26-Nov-2019 07:45:41 UTC] POSTされた！
[26-Nov-2019 07:46:56 UTC] PHP Notice:  Undefined index: player1 in C:\MAMP\htdocs\php_objective\objective_pre\battleStart.php on line 304
[26-Nov-2019 07:46:56 UTC] PHP Fatal error:  Uncaught Error: Call to a member function getName() on null in C:\MAMP\htdocs\php_objective\objective_pre\battleStart.php:304
Stack trace:
#0 {main}
  thrown in C:\MAMP\htdocs\php_objective\objective_pre\battleStart.php on line 304
[26-Nov-2019 07:47:05 UTC] PHP Notice:  Undefined index: player1 in C:\MAMP\htdocs\php_objective\objective_pre\battleStart.php on line 304
[26-Nov-2019 07:47:05 UTC] PHP Fatal error:  Uncaught Error: Call to a member function getName() on null in C:\MAMP\htdocs\php_objective\objective_pre\battleStart.php:304
Stack trace:
#0 {main}
  thrown in C:\MAMP\htdocs\php_objective\objective_pre\battleStart.php on line 304
[26-Nov-2019 08:22:28 UTC] PHP Notice:  Undefined index: player1 in C:\MAMP\htdocs\php_objective\objective_pre\battleStart.php on line 304
[26-Nov-2019 08:22:28 UTC] PHP Fatal error:  Uncaught Error: Call to a member function getName() on null in C:\MAMP\htdocs\php_objective\objective_pre\battleStart.php:304
Stack trace:
#0 {main}
  thrown in C:\MAMP\htdocs\php_objective\objective_pre\battleStart.php on line 304
[26-Nov-2019 08:22:34 UTC] PHP Notice:  Undefined index: player1 in C:\MAMP\htdocs\php_objective\objective_pre\battleStart.php on line 304
[26-Nov-2019 08:22:34 UTC] PHP Fatal error:  Uncaught Error: Call to a member function getName() on null in C:\MAMP\htdocs\php_objective\objective_pre\battleStart.php:304
Stack trace:
#0 {main}
  thrown in C:\MAMP\htdocs\php_objective\objective_pre\battleStart.php on line 304
[26-Nov-2019 08:22:39 UTC] PHP Notice:  Undefined index: player1 in C:\MAMP\htdocs\php_objective\objective_pre\battleStart.php on line 304
[26-Nov-2019 08:22:39 UTC] PHP Fatal error:  Uncaught Error: Call to a member function getName() on null in C:\MAMP\htdocs\php_objective\objective_pre\battleStart.php:304
Stack trace:
#0 {main}
  thrown in C:\MAMP\htdocs\php_objective\objective_pre\battleStart.php on line 304
[26-Nov-2019 08:24:16 UTC] PHP Notice:  Undefined index: player1 in C:\MAMP\htdocs\php_objective\objective_pre\battleStart.php on line 305
[26-Nov-2019 08:24:16 UTC] PHP Fatal error:  Uncaught Error: Call to a member function getName() on null in C:\MAMP\htdocs\php_objective\objective_pre\battleStart.php:305
Stack trace:
#0 {main}
  thrown in C:\MAMP\htdocs\php_objective\objective_pre\battleStart.php on line 305
[26-Nov-2019 08:25:39 UTC] PHP Notice:  Undefined index: player1 in C:\MAMP\htdocs\php_objective\objective_pre\battleStart.php on line 305
[26-Nov-2019 08:25:39 UTC] PHP Fatal error:  Uncaught Error: Call to a member function getName() on null in C:\MAMP\htdocs\php_objective\objective_pre\battleStart.php:305
Stack trace:
#0 {main}
  thrown in C:\MAMP\htdocs\php_objective\objective_pre\battleStart.php on line 305
[26-Nov-2019 08:26:25 UTC] PHP Notice:  Undefined index: player1 in C:\MAMP\htdocs\php_objective\objective_pre\battleStart.php on line 305
[26-Nov-2019 08:26:25 UTC] PHP Fatal error:  Uncaught Error: Call to a member function getName() on null in C:\MAMP\htdocs\php_objective\objective_pre\battleStart.php:305
Stack trace:
#0 {main}
  thrown in C:\MAMP\htdocs\php_objective\objective_pre\battleStart.php on line 305
[26-Nov-2019 08:28:05 UTC] PHP Notice:  Undefined index: player1 in C:\MAMP\htdocs\php_objective\objective_pre\battleStart.php on line 305
[26-Nov-2019 08:28:05 UTC] PHP Notice:  Undefined index: player1 in C:\MAMP\htdocs\php_objective\objective_pre\battleStart.php on line 306
[26-Nov-2019 08:28:05 UTC] PHP Fatal error:  Uncaught Error: Call to a member function getHp() on null in C:\MAMP\htdocs\php_objective\objective_pre\battleStart.php:306
Stack trace:
#0 {main}
  thrown in C:\MAMP\htdocs\php_objective\objective_pre\battleStart.php on line 306
[26-Nov-2019 08:29:08 UTC] PHP Notice:  Undefined index: player1 in C:\MAMP\htdocs\php_objective\objective_pre\battleStart.php on line 305
[26-Nov-2019 08:29:08 UTC] PHP Notice:  Undefined index: player1 in C:\MAMP\htdocs\php_objective\objective_pre\battleStart.php on line 306
[26-Nov-2019 08:29:08 UTC] PHP Fatal error:  Uncaught Error: Call to a member function getHp() on null in C:\MAMP\htdocs\php_objective\objective_pre\battleStart.php:306
Stack trace:
#0 {main}
  thrown in C:\MAMP\htdocs\php_objective\objective_pre\battleStart.php on line 306
[26-Nov-2019 08:29:36 UTC] PHP Notice:  Undefined index: player1 in C:\MAMP\htdocs\php_objective\objective_pre\battleStart.php on line 304
[26-Nov-2019 08:29:36 UTC] PHP Notice:  Undefined index: player1 in C:\MAMP\htdocs\php_objective\objective_pre\battleStart.php on line 305
[26-Nov-2019 08:29:36 UTC] PHP Fatal error:  Uncaught Error: Call to a member function getHp() on null in C:\MAMP\htdocs\php_objective\objective_pre\battleStart.php:305
Stack trace:
#0 {main}
  thrown in C:\MAMP\htdocs\php_objective\objective_pre\battleStart.php on line 305
[26-Nov-2019 08:31:41 UTC] PHP Notice:  Undefined index: player1 in C:\MAMP\htdocs\php_objective\objective_pre\battleStart.php on line 304
[26-Nov-2019 08:31:41 UTC] PHP Notice:  Trying to get property 'name' of non-object in C:\MAMP\htdocs\php_objective\objective_pre\battleStart.php on line 304
[26-Nov-2019 08:31:41 UTC] PHP Notice:  Undefined index: player1 in C:\MAMP\htdocs\php_objective\objective_pre\battleStart.php on line 305
[26-Nov-2019 08:31:41 UTC] PHP Fatal error:  Uncaught Error: Call to a member function getHp() on null in C:\MAMP\htdocs\php_objective\objective_pre\battleStart.php:305
Stack trace:
#0 {main}
  thrown in C:\MAMP\htdocs\php_objective\objective_pre\battleStart.php on line 305
[26-Nov-2019 08:31:58 UTC] PHP Notice:  Undefined index: player1 in C:\MAMP\htdocs\php_objective\objective_pre\battleStart.php on line 304
[26-Nov-2019 08:31:58 UTC] PHP Fatal error:  Uncaught Error: Call to a member function getName() on null in C:\MAMP\htdocs\php_objective\objective_pre\battleStart.php:304
Stack trace:
#0 {main}
  thrown in C:\MAMP\htdocs\php_objective\objective_pre\battleStart.php on line 304
[26-Nov-2019 08:33:21 UTC] PHP Notice:  Undefined index: player1 in C:\MAMP\htdocs\php_objective\objective_pre\battleStart.php on line 305
[26-Nov-2019 08:33:21 UTC] PHP Fatal error:  Uncaught Error: Call to a member function getHp() on null in C:\MAMP\htdocs\php_objective\objective_pre\battleStart.php:305
Stack trace:
#0 {main}
  thrown in C:\MAMP\htdocs\php_objective\objective_pre\battleStart.php on line 305
[26-Nov-2019 08:33:54 UTC] PHP Notice:  Undefined index: player1 in C:\MAMP\htdocs\php_objective\objective_pre\battleStart.php on line 304
[26-Nov-2019 08:33:54 UTC] PHP Fatal error:  Uncaught Error: Call to a member function getName() on null in C:\MAMP\htdocs\php_objective\objective_pre\battleStart.php:304
Stack trace:
#0 {main}
  thrown in C:\MAMP\htdocs\php_objective\objective_pre\battleStart.php on line 304
[26-Nov-2019 09:39:28 UTC] POSTされた！
[26-Nov-2019 09:39:28 UTC] PHP Fatal error:  Uncaught Error: Cannot use object of type Human as array in C:\MAMP\htdocs\php_objective\objective_pre\battleStart.php:304
Stack trace:
#0 {main}
  thrown in C:\MAMP\htdocs\php_objective\objective_pre\battleStart.php on line 304
[26-Nov-2019 09:39:31 UTC] PHP Fatal error:  Uncaught Error: Cannot use object of type Human as array in C:\MAMP\htdocs\php_objective\objective_pre\battleStart.php:304
Stack trace:
#0 {main}
  thrown in C:\MAMP\htdocs\php_objective\objective_pre\battleStart.php on line 304
[26-Nov-2019 09:39:34 UTC] PHP Fatal error:  Uncaught Error: Cannot use object of type Human as array in C:\MAMP\htdocs\php_objective\objective_pre\battleStart.php:304
Stack trace:
#0 {main}
  thrown in C:\MAMP\htdocs\php_objective\objective_pre\battleStart.php on line 304
[26-Nov-2019 09:40:53 UTC] PHP Fatal error:  Uncaught Error: Cannot use object of type Human as array in C:\MAMP\htdocs\php_objective\objective_pre\battleStart.php:304
Stack trace:
#0 {main}
  thrown in C:\MAMP\htdocs\php_objective\objective_pre\battleStart.php on line 304
[26-Nov-2019 09:41:02 UTC] PHP Fatal error:  Uncaught Error: Cannot use object of type Human as array in C:\MAMP\htdocs\php_objective\objective_pre\battleStart.php:304
Stack trace:
#0 {main}
  thrown in C:\MAMP\htdocs\php_objective\objective_pre\battleStart.php on line 304
[26-Nov-2019 09:45:18 UTC] PHP Notice:  Undefined variable: player1 in C:\MAMP\htdocs\php_objective\objective_pre\battleStart.php on line 305
[26-Nov-2019 09:51:42 UTC] POSTされた！
[26-Nov-2019 10:10:10 UTC] POSTされた！
[26-Nov-2019 10:11:02 UTC] POSTされた！
[26-Nov-2019 10:11:30 UTC] POSTされた！
[26-Nov-2019 10:21:48 UTC] POSTされた！
[26-Nov-2019 10:23:40 UTC] POSTされた！
[26-Nov-2019 10:24:48 UTC] POSTされた！
[26-Nov-2019 10:24:53 UTC] POSTされた！
[26-Nov-2019 10:27:26 UTC] POSTされた！
[26-Nov-2019 10:27:28 UTC] POSTされた！
[26-Nov-2019 10:36:54 UTC] POSTされた！
[26-Nov-2019 10:37:00 UTC] POSTされた！
[26-Nov-2019 10:37:18 UTC] POSTされた！
[26-Nov-2019 10:38:12 UTC] POSTされた！
[26-Nov-2019 10:39:35 UTC] POSTされた！
[26-Nov-2019 10:39:42 UTC] POSTされた！
[26-Nov-2019 10:41:09 UTC] POSTされた！
[26-Nov-2019 10:41:55 UTC] POSTされた！
[26-Nov-2019 10:42:02 UTC] POSTされた！
[26-Nov-2019 10:43:47 UTC] POSTされた！
[26-Nov-2019 10:44:13 UTC] POSTされた！
[26-Nov-2019 14:52:02 UTC] POSTされた！
[26-Nov-2019 14:53:37 UTC] POSTされた！
[26-Nov-2019 14:53:41 UTC] POSTされた！
[31-Jan-2020 07:21:44 UTC] PHP Notice:  Undefined index: tmp in /Applications/MAMP/htdocs/object_orientation/index.php on line 15
